Classic Timing Analyzer report for FinalTerm
Thu Feb 01 01:23:49 2018
Quartus II Version 9.1 Build 222 10/21/2009 SJ Web Edition


---------------------
; Table of Contents ;
---------------------
  1. Legal Notice
  2. Timing Analyzer Summary
  3. Timing Analyzer Settings
  4. Clock Settings Summary
  5. Parallel Compilation
  6. tsu
  7. tco
  8. th
  9. Timing Analyzer Messages



----------------
; Legal Notice ;
----------------
Copyright (C) 1991-2009 Altera Corporation
Your use of Altera Corporation's design tools, logic functions 
and other software and tools, and its AMPP partner logic 
functions, and any output files from any of the foregoing 
(including device programming or simulation files), and any 
associated documentation or information are expressly subject 
to the terms and conditions of the Altera Program License 
Subscription Agreement, Altera MegaCore Function License 
Agreement, or other applicable license agreement, including, 
without limitation, that your use is for the sole purpose of 
programming logic devices manufactured by Altera and sold by 
Altera or its authorized distributors.  Please refer to the 
applicable agreement for further details.



+----------------------------------------------------------------------------------------------------------------------------------------+
; Timing Analyzer Summary                                                                                                                ;
+------------------------------+-------+---------------+-------------+--------------+-------------+------------+----------+--------------+
; Type                         ; Slack ; Required Time ; Actual Time ; From         ; To          ; From Clock ; To Clock ; Failed Paths ;
+------------------------------+-------+---------------+-------------+--------------+-------------+------------+----------+--------------+
; Worst-case tsu               ; N/A   ; None          ; 7.540 ns    ; dataInreg[4] ; RoutBack[4] ; --         ; clk      ; 0            ;
; Worst-case tco               ; N/A   ; None          ; 11.074 ns   ; RoutBack[2]  ; Rout[2]     ; clk        ; --       ; 0            ;
; Worst-case th                ; N/A   ; None          ; -3.333 ns   ; dataInreg[5] ; RoutBack[5] ; --         ; clk      ; 0            ;
; Total number of failed paths ;       ;               ;             ;              ;             ;            ;          ; 0            ;
+------------------------------+-------+---------------+-------------+--------------+-------------+------------+----------+--------------+


+-----------------------------------------------------------------------------------------------------------------------------------------------------+
; Timing Analyzer Settings                                                                                                                            ;
+------------------------------------------------------------------------------------------------------+--------------------+------+----+-------------+
; Option                                                                                               ; Setting            ; From ; To ; Entity Name ;
+------------------------------------------------------------------------------------------------------+--------------------+------+----+-------------+
; Device Name                                                                                          ; EP1C12Q240C8       ;      ;    ;             ;
; Timing Models                                                                                        ; Final              ;      ;    ;             ;
; Default hold multicycle                                                                              ; Same as Multicycle ;      ;    ;             ;
; Cut paths between unrelated clock domains                                                            ; On                 ;      ;    ;             ;
; Cut off read during write signal paths                                                               ; On                 ;      ;    ;             ;
; Cut off feedback from I/O pins                                                                       ; On                 ;      ;    ;             ;
; Report Combined Fast/Slow Timing                                                                     ; Off                ;      ;    ;             ;
; Ignore Clock Settings                                                                                ; Off                ;      ;    ;             ;
; Analyze latches as synchronous elements                                                              ; On                 ;      ;    ;             ;
; Enable Recovery/Removal analysis                                                                     ; Off                ;      ;    ;             ;
; Enable Clock Latency                                                                                 ; Off                ;      ;    ;             ;
; Use TimeQuest Timing Analyzer                                                                        ; Off                ;      ;    ;             ;
; Minimum Core Junction Temperature                                                                    ; 0                  ;      ;    ;             ;
; Maximum Core Junction Temperature                                                                    ; 85                 ;      ;    ;             ;
; Number of source nodes to report per destination node                                                ; 10                 ;      ;    ;             ;
; Number of destination nodes to report                                                                ; 10                 ;      ;    ;             ;
; Number of paths to report                                                                            ; 200                ;      ;    ;             ;
; Report Minimum Timing Checks                                                                         ; Off                ;      ;    ;             ;
; Use Fast Timing Models                                                                               ; Off                ;      ;    ;             ;
; Report IO Paths Separately                                                                           ; Off                ;      ;    ;             ;
; Perform Multicorner Analysis                                                                         ; Off                ;      ;    ;             ;
; Reports the worst-case path for each clock domain and analysis                                       ; Off                ;      ;    ;             ;
; Reports worst-case timing paths for each clock domain and analysis                                   ; On                 ;      ;    ;             ;
; Specifies the maximum number of worst-case timing paths to report for each clock domain and analysis ; 100                ;      ;    ;             ;
; Removes common clock path pessimism (CCPP) during slack computation                                  ; Off                ;      ;    ;             ;
; Output I/O Timing Endpoint                                                                           ; Near End           ;      ;    ;             ;
+------------------------------------------------------------------------------------------------------+--------------------+------+----+-------------+


+------------------------------------------------------------------------------------------------------------------------------------------------------------------------------------+
; Clock Settings Summary                                                                                                                                                             ;
+-----------------+--------------------+----------+------------------+---------------+--------------+----------+-----------------------+---------------------+--------+--------------+
; Clock Node Name ; Clock Setting Name ; Type     ; Fmax Requirement ; Early Latency ; Late Latency ; Based on ; Multiply Base Fmax by ; Divide Base Fmax by ; Offset ; Phase offset ;
+-----------------+--------------------+----------+------------------+---------------+--------------+----------+-----------------------+---------------------+--------+--------------+
; clk             ;                    ; User Pin ; None             ; 0.000 ns      ; 0.000 ns     ; --       ; N/A                   ; N/A                 ; N/A    ;              ;
+-----------------+--------------------+----------+------------------+---------------+--------------+----------+-----------------------+---------------------+--------+--------------+


Parallel compilation was disabled, but you have multiple processors available. Enable parallel compilation to reduce compilation time.
+-------------------------------------+
; Parallel Compilation                ;
+----------------------------+--------+
; Processors                 ; Number ;
+----------------------------+--------+
; Number detected on machine ; 2      ;
; Maximum allowed            ; 1      ;
+----------------------------+--------+


+---------------------------------------------------------------------------+
; tsu                                                                       ;
+-------+--------------+------------+--------------+-------------+----------+
; Slack ; Required tsu ; Actual tsu ; From         ; To          ; To Clock ;
+-------+--------------+------------+--------------+-------------+----------+
; N/A   ; None         ; 7.540 ns   ; dataInreg[4] ; RoutBack[4] ; clk      ;
; N/A   ; None         ; 5.002 ns   ; enReg        ; RoutBack[0] ; clk      ;
; N/A   ; None         ; 5.002 ns   ; enReg        ; RoutBack[1] ; clk      ;
; N/A   ; None         ; 5.002 ns   ; enReg        ; RoutBack[2] ; clk      ;
; N/A   ; None         ; 5.002 ns   ; enReg        ; RoutBack[3] ; clk      ;
; N/A   ; None         ; 5.002 ns   ; enReg        ; RoutBack[4] ; clk      ;
; N/A   ; None         ; 5.002 ns   ; enReg        ; RoutBack[5] ; clk      ;
; N/A   ; None         ; 5.002 ns   ; enReg        ; RoutBack[6] ; clk      ;
; N/A   ; None         ; 5.002 ns   ; enReg        ; RoutBack[7] ; clk      ;
; N/A   ; None         ; 4.903 ns   ; dataInreg[6] ; RoutBack[6] ; clk      ;
; N/A   ; None         ; 4.895 ns   ; dataInreg[1] ; RoutBack[1] ; clk      ;
; N/A   ; None         ; 4.687 ns   ; dataInreg[0] ; RoutBack[0] ; clk      ;
; N/A   ; None         ; 4.176 ns   ; dataInreg[3] ; RoutBack[3] ; clk      ;
; N/A   ; None         ; 4.134 ns   ; dataInreg[7] ; RoutBack[7] ; clk      ;
; N/A   ; None         ; 3.926 ns   ; dataInreg[2] ; RoutBack[2] ; clk      ;
; N/A   ; None         ; 3.385 ns   ; dataInreg[5] ; RoutBack[5] ; clk      ;
+-------+--------------+------------+--------------+-------------+----------+


+------------------------------------------------------------------------+
; tco                                                                    ;
+-------+--------------+------------+-------------+---------+------------+
; Slack ; Required tco ; Actual tco ; From        ; To      ; From Clock ;
+-------+--------------+------------+-------------+---------+------------+
; N/A   ; None         ; 11.074 ns  ; RoutBack[2] ; Rout[2] ; clk        ;
; N/A   ; None         ; 8.193 ns   ; RoutBack[1] ; Rout[1] ; clk        ;
; N/A   ; None         ; 8.186 ns   ; RoutBack[4] ; Rout[4] ; clk        ;
; N/A   ; None         ; 7.937 ns   ; RoutBack[6] ; Rout[6] ; clk        ;
; N/A   ; None         ; 7.933 ns   ; RoutBack[7] ; Rout[7] ; clk        ;
; N/A   ; None         ; 7.553 ns   ; RoutBack[0] ; Rout[0] ; clk        ;
; N/A   ; None         ; 7.491 ns   ; RoutBack[3] ; Rout[3] ; clk        ;
; N/A   ; None         ; 7.048 ns   ; RoutBack[5] ; Rout[5] ; clk        ;
+-------+--------------+------------+-------------+---------+------------+


+---------------------------------------------------------------------------------+
; th                                                                              ;
+---------------+-------------+-----------+--------------+-------------+----------+
; Minimum Slack ; Required th ; Actual th ; From         ; To          ; To Clock ;
+---------------+-------------+-----------+--------------+-------------+----------+
; N/A           ; None        ; -3.333 ns ; dataInreg[5] ; RoutBack[5] ; clk      ;
; N/A           ; None        ; -3.874 ns ; dataInreg[2] ; RoutBack[2] ; clk      ;
; N/A           ; None        ; -4.082 ns ; dataInreg[7] ; RoutBack[7] ; clk      ;
; N/A           ; None        ; -4.124 ns ; dataInreg[3] ; RoutBack[3] ; clk      ;
; N/A           ; None        ; -4.635 ns ; dataInreg[0] ; RoutBack[0] ; clk      ;
; N/A           ; None        ; -4.843 ns ; dataInreg[1] ; RoutBack[1] ; clk      ;
; N/A           ; None        ; -4.851 ns ; dataInreg[6] ; RoutBack[6] ; clk      ;
; N/A           ; None        ; -4.950 ns ; enReg        ; RoutBack[0] ; clk      ;
; N/A           ; None        ; -4.950 ns ; enReg        ; RoutBack[1] ; clk      ;
; N/A           ; None        ; -4.950 ns ; enReg        ; RoutBack[2] ; clk      ;
; N/A           ; None        ; -4.950 ns ; enReg        ; RoutBack[3] ; clk      ;
; N/A           ; None        ; -4.950 ns ; enReg        ; RoutBack[4] ; clk      ;
; N/A           ; None        ; -4.950 ns ; enReg        ; RoutBack[5] ; clk      ;
; N/A           ; None        ; -4.950 ns ; enReg        ; RoutBack[6] ; clk      ;
; N/A           ; None        ; -4.950 ns ; enReg        ; RoutBack[7] ; clk      ;
; N/A           ; None        ; -7.488 ns ; dataInreg[4] ; RoutBack[4] ; clk      ;
+---------------+-------------+-----------+--------------+-------------+----------+


+--------------------------+
; Timing Analyzer Messages ;
+--------------------------+
Info: *******************************************************************
Info: Running Quartus II Classic Timing Analyzer
    Info: Version 9.1 Build 222 10/21/2009 SJ Web Edition
    Info: Processing started: Thu Feb 01 01:23:49 2018
Info: Command: quartus_tan --read_settings_files=off --write_settings_files=off FinalTerm -c FinalTerm --timing_analysis_only
Warning: Found pins functioning as undefined clocks and/or memory enables
    Info: Assuming node "clk" is an undefined clock
Info: No valid register-to-register data paths exist for clock "clk"
Info: tsu for register "RoutBack[4]" (data pin = "dataInreg[4]", clock pin = "clk") is 7.540 ns
    Info: + Longest pin to register delay is 10.673 ns
        Info: 1: + IC(0.000 ns) + CELL(1.469 ns) = 1.469 ns; Loc. = PIN_144; Fanout = 1; PIN Node = 'dataInreg[4]'
        Info: 2: + IC(9.089 ns) + CELL(0.115 ns) = 10.673 ns; Loc. = LC_X1_Y12_N9; Fanout = 1; REG Node = 'RoutBack[4]'
        Info: Total cell delay = 1.584 ns ( 14.84 % )
        Info: Total interconnect delay = 9.089 ns ( 85.16 % )
    Info: + Micro setup delay of destination is 0.037 ns
    Info: - Shortest clock path from clock "clk" to destination register is 3.170 ns
        Info: 1: + IC(0.000 ns) + CELL(1.469 ns) = 1.469 ns; Loc. = PIN_29; Fanout = 8; CLK Node = 'clk'
        Info: 2: + IC(0.990 ns) + CELL(0.711 ns) = 3.170 ns; Loc. = LC_X1_Y12_N9; Fanout = 1; REG Node = 'RoutBack[4]'
        Info: Total cell delay = 2.180 ns ( 68.77 % )
        Info: Total interconnect delay = 0.990 ns ( 31.23 % )
Info: tco from clock "clk" to destination pin "Rout[2]" through register "RoutBack[2]" is 11.074 ns
    Info: + Longest clock path from clock "clk" to source register is 3.170 ns
        Info: 1: + IC(0.000 ns) + CELL(1.469 ns) = 1.469 ns; Loc. = PIN_29; Fanout = 8; CLK Node = 'clk'
        Info: 2: + IC(0.990 ns) + CELL(0.711 ns) = 3.170 ns; Loc. = LC_X1_Y12_N7; Fanout = 1; REG Node = 'RoutBack[2]'
        Info: Total cell delay = 2.180 ns ( 68.77 % )
        Info: Total interconnect delay = 0.990 ns ( 31.23 % )
    Info: + Micro clock to output delay of source is 0.224 ns
    Info: + Longest register to pin delay is 7.680 ns
        Info: 1: + IC(0.000 ns) + CELL(0.000 ns) = 0.000 ns; Loc. = LC_X1_Y12_N7; Fanout = 1; REG Node = 'RoutBack[2]'
        Info: 2: + IC(5.556 ns) + CELL(2.124 ns) = 7.680 ns; Loc. = PIN_143; Fanout = 0; PIN Node = 'Rout[2]'
        Info: Total cell delay = 2.124 ns ( 27.66 % )
        Info: Total interconnect delay = 5.556 ns ( 72.34 % )
Info: th for register "RoutBack[5]" (data pin = "dataInreg[5]", clock pin = "clk") is -3.333 ns
    Info: + Longest clock path from clock "clk" to destination register is 3.170 ns
        Info: 1: + IC(0.000 ns) + CELL(1.469 ns) = 1.469 ns; Loc. = PIN_29; Fanout = 8; CLK Node = 'clk'
        Info: 2: + IC(0.990 ns) + CELL(0.711 ns) = 3.170 ns; Loc. = LC_X1_Y12_N4; Fanout = 1; REG Node = 'RoutBack[5]'
        Info: Total cell delay = 2.180 ns ( 68.77 % )
        Info: Total interconnect delay = 0.990 ns ( 31.23 % )
    Info: + Micro hold delay of destination is 0.015 ns
    Info: - Shortest pin to register delay is 6.518 ns
        Info: 1: + IC(0.000 ns) + CELL(1.469 ns) = 1.469 ns; Loc. = PIN_39; Fanout = 1; PIN Node = 'dataInreg[5]'
        Info: 2: + IC(4.934 ns) + CELL(0.115 ns) = 6.518 ns; Loc. = LC_X1_Y12_N4; Fanout = 1; REG Node = 'RoutBack[5]'
        Info: Total cell delay = 1.584 ns ( 24.30 % )
        Info: Total interconnect delay = 4.934 ns ( 75.70 % )
Info: Quartus II Classic Timing Analyzer was successful. 0 errors, 1 warning
    Info: Peak virtual memory: 234 megabytes
    Info: Processing ended: Thu Feb 01 01:23:50 2018
    Info: Elapsed time: 00:00:01
    Info: Total CPU time (on all processors): 00:00:01


